Arguments: 
  /Users/mac/.nvm/versions/node/v10.16.3/bin/node /usr/local/Cellar/yarn/1.17.3/libexec/bin/yarn.js install

PATH: 
  /Users/mac/.nvm/versions/node/v10.16.3/bin:/usr/local/bin:/usr/bin:/bin:/usr/sbin:/sbin:/Users/mac/.nvm/versions/node/v10.16.3/bin

Yarn version: 
  1.17.3

Node version: 
  10.16.3

Platform: 
  darwin x64

Trace: 
  Error: EINVAL: invalid argument, unlink '/Users/mac/Desktop/workspace/backend/node_modules/extglob/node_modules/define-property'

npm manifest: 
  {
      "name": "webpack-node",
      "version": "1.0.0",
      "description": "Use webpack to build node projects",
      "main": "src/index.ts",
      "repository": {
          "type": "git",
          "url": "git+https://github.com/nanhupatar/backend.git"
      },
      "author": "",
      "license": "ISC",
      "bugs": {
          "url": "https://github.com/nanhupatar/backend/issues"
      },
      "homepage": "https://github.com/nanhupatar/backend#readme",
      "scripts": {
          "dev": "rm -rf ./dist && ts-node ./scripts/start-dev.ts",
          "build": "rm -rf ./dist && ts-node ./scripts/build.ts"
      },
      "dependencies": {
          "axios": "0.19.0",
          "co-fs": "1.2.0",
          "crypto": "1.0.1",
          "formstream": "1.1.0",
          "httpx": "2.2.2",
          "koa-router": "7.4.0",
          "mysql2": "2.0.0",
          "sequelize": "5.21.2",
          "source-map-loader": "0.2.4",
          "ts-loader": "6.2.1",
          "koa": "^2.5.0",
          "webpack": "^4.5.0",
          "webpack-cli": "^3.3.6"
      },
      "devDependencies": {
          "ts-node": "^5.0.1",
          "typescript": "2.8.1",
          "@types/koa": "^2.0.45",
          "@types/koa-router": "7.0.42",
          "@types/node": "^7.0.60",
          "@types/webpack": "^4.1.3",
          "@types/webpack-env": "^1.13.6",
          "@types/webpack-node-externals": "^1.6.3",
          "nodemon": "1.19.4",
          "prettier": "^1.18.2",
          "ts-loader": "4.2.0",
          "tslint": "5.20.1",
          "tslint-config-alloy": "^0.2.1",
          "tslint-config-prettier": "^1.18.0",
          "webpack-node-externals": "1.7.2",
          "start-server-webpack-plugin": "^2.2.5"
      }
  }

yarn manifest: 
  No manifest

Lockfile: 
  No lockfile
